[debug] [2023-02-03T13:32:33.818Z] ----------------------------------------------------------------------
[debug] [2023-02-03T13:32:33.821Z] Command:       C:\Program Files\nodejs\node.exe C:\Users\Abubakar\AppData\Roaming\npm\node_modules\firebase-tools\lib\bin\firebase.js init
[debug] [2023-02-03T13:32:33.821Z] CLI Version:   11.22.0
[debug] [2023-02-03T13:32:33.822Z] Platform:      win32
[debug] [2023-02-03T13:32:33.822Z] Node Version:  v18.12.1
[debug] [2023-02-03T13:32:33.823Z] Time:          Fri Feb 03 2023 18:32:33 GMT+0500 (Pakistan Standard Time)
[debug] [2023-02-03T13:32:33.823Z] ----------------------------------------------------------------------
[debug] 
[debug] [2023-02-03T13:32:33.913Z] > command requires scopes: ["email","openid","https://www.googleapis.com/auth/cloudplatformprojects.readonly","https://www.googleapis.com/auth/firebase","https://www.googleapis.com/auth/cloud-platform"]
[debug] [2023-02-03T13:32:33.914Z] > authorizing via signed-in user (hamayoon.47611@iqra.edu.pk)
[info] 
     ######## #### ########  ######## ########     ###     ######  ########
     ##        ##  ##     ## ##       ##     ##  ##   ##  ##       ##
     ######    ##  ########  ######   ########  #########  ######  ######
     ##        ##  ##    ##  ##       ##     ## ##     ##       ## ##
     ##       #### ##     ## ######## ########  ##     ##  ######  ########

You're about to initialize a Firebase project in this directory:

  E:\netflixclone

Before we get started, keep in mind:

  * You are initializing within an existing Firebase project directory

[info] 
=== Project Setup
[info] 
[info] First, let's associate this project directory with a Firebase project.
[info] You can create multiple project aliases by running firebase use --add, 
[info] but for now we'll just set up a default project.
[info] 
[debug] [2023-02-03T13:32:47.887Z] Using project from CLI flag: netflix-clone-a1953
[debug] [2023-02-03T13:32:47.891Z] >>> [apiv2][query] GET https://firebase.googleapis.com/v1beta1/projects/netflix-clone-a1953 [none]
[debug] [2023-02-03T13:32:49.511Z] <<< [apiv2][status] GET https://firebase.googleapis.com/v1beta1/projects/netflix-clone-a1953 200
[debug] [2023-02-03T13:32:49.511Z] <<< [apiv2][body] GET https://firebase.googleapis.com/v1beta1/projects/netflix-clone-a1953 {"projectId":"netflix-clone-a1953","projectNumber":"645941996519","displayName":"netflix-clone","name":"projects/netflix-clone-a1953","resources":{"hostingSite":"netflix-clone-a1953"},"state":"ACTIVE","etag":"1_c983a634-3725-42c1-9575-ab5e949997ea"}
[info] i  Using project netflix-clone-a1953 (netflix-clone) 
[info] 
=== Hosting Setup
[info] 
[info] Your public directory is the folder (relative to your project directory) that
[info] will contain Hosting assets to be uploaded with firebase deploy. If you
[info] have a build process for your assets, use your build's output directory.
[info] 
[debug] [2023-02-03T13:32:56.175Z] >>> [apiv2][query] GET https://www.gstatic.com/firebasejs/releases.json [none]
[debug] [2023-02-03T13:32:56.542Z] <<< [apiv2][status] GET https://www.gstatic.com/firebasejs/releases.json 200
[debug] [2023-02-03T13:32:56.542Z] <<< [apiv2][body] GET https://www.gstatic.com/firebasejs/releases.json {"current":{"version":"9.17.0","browserURL":"https://www.gstatic.com/firebasejs/9.17.0/firebase.js","packageURL":"https://www.gstatic.com/firebasejs/9.17.0/firebase.tgz"},"live":{"version":"9.17","browserURL":"https://www.gstatic.com/firebasejs/live/9.17/firebase.js","packageURL":"https://www.gstatic.com/firebasejs/live/9.17/firebase.tgz"},"components":{"analytics":"https://www.gstatic.com/firebasejs/9.17.0/firebase-analytics.js","app":"https://www.gstatic.com/firebasejs/9.17.0/firebase-app.js","app-check":"https://www.gstatic.com/firebasejs/9.17.0/firebase-app-check.js","auth":"https://www.gstatic.com/firebasejs/9.17.0/firebase-auth.js","auth/cordova":"https://www.gstatic.com/firebasejs/9.17.0/firebase-auth/cordova.js","auth/react-native":"https://www.gstatic.com/firebasejs/9.17.0/firebase-auth/react-native.js","functions":"https://www.gstatic.com/firebasejs/9.17.0/firebase-functions.js","firestore":"https://www.gstatic.com/firebasejs/9.17.0/firebase-firestore.js","firestore/lite":"https://www.gstatic.com/firebasejs/9.17.0/firebase-firestore/lite.js","installations":"https://www.gstatic.com/firebasejs/9.17.0/firebase-installations.js","storage":"https://www.gstatic.com/firebasejs/9.17.0/firebase-storage.js","performance":"https://www.gstatic.com/firebasejs/9.17.0/firebase-performance.js","remote-config":"https://www.gstatic.com/firebasejs/9.17.0/firebase-remote-config.js","messaging":"https://www.gstatic.com/firebasejs/9.17.0/firebase-messaging.js","messaging/sw":"https://www.gstatic.com/firebasejs/9.17.0/firebase-messaging/sw.js","database":"https://www.gstatic.com/firebasejs/9.17.0/firebase-database.js","firestore.memory":"https://www.gstatic.com/firebasejs/9.17.0/firebase-firestore.memory.js"}}
[info] +  Wrote n/index.html 
[info] 
[info] i  Detected a .git folder at E:\netflixclone 
[info] i  Authorizing with GitHub to upload your service account to a GitHub repository's secrets store. 
[info] 
[info] Visit this URL on this device to log in:
[info] https://github.com/login/oauth/authorize?client_id=89cf50f02ac6aaed3484&state=83578749&redirect_uri=http%3A%2F%2Flocalhost%3A9005&scope=read%3Auser%20repo%20public_repo
[info] 
[info] Waiting for authentication...
[debug] [2023-02-03T13:38:01.044Z] >>> [apiv2][query] POST https://github.com/login/oauth/access_token [none]
[debug] [2023-02-03T13:38:01.045Z] >>> [apiv2][body] POST https://github.com/login/oauth/access_token [stream]
[debug] [2023-02-03T13:38:01.724Z] <<< [apiv2][status] POST https://github.com/login/oauth/access_token 200
[debug] [2023-02-03T13:38:01.724Z] <<< [apiv2][body] POST https://github.com/login/oauth/access_token {"access_token":"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","token_type":"bearer","scope":"read:user,repo"}
[debug] [2023-02-03T13:38:01.743Z] >>> [apiv2][query] GET https://api.github.com/user [none]
[debug] [2023-02-03T13:38:02.291Z] <<< [apiv2][status] GET https://api.github.com/user 200
[debug] [2023-02-03T13:38:02.292Z] <<< [apiv2][body] GET https://api.github.com/user {"login":"HamayoonDEV","id":118267766,"node_id":"U_kgDOBwyfdg","avatar_url":"https://avatars.githubusercontent.com/u/118267766?v=4","gravatar_id":"","url":"https://api.github.com/users/HamayoonDEV","html_url":"https://github.com/HamayoonDEV","followers_url":"https://api.github.com/users/HamayoonDEV/followers","following_url":"https://api.github.com/users/HamayoonDEV/following{/other_user}","gists_url":"https://api.github.com/users/HamayoonDEV/gists{/gist_id}","starred_url":"https://api.github.com/users/HamayoonDEV/starred{/owner}{/repo}","subscriptions_url":"https://api.github.com/users/HamayoonDEV/subscriptions","organizations_url":"https://api.github.com/users/HamayoonDEV/orgs","repos_url":"https://api.github.com/users/HamayoonDEV/repos","events_url":"https://api.github.com/users/HamayoonDEV/events{/privacy}","received_events_url":"https://api.github.com/users/HamayoonDEV/received_events","type":"User","site_admin":false,"name":"Hamayoon","company":null,"blog":"","location":"karachi/pakistan","email":"hamayoonkhan367@gmail.com","hireable":true,"bio":"Full Stack Web Developer","twitter_username":null,"public_repos":18,"public_gists":0,"followers":0,"following":0,"created_at":"2022-11-15T10:45:23Z","updated_at":"2023-01-05T11:19:54Z","private_gists":0,"total_private_repos":0,"owned_private_repos":0,"disk_usage":6988,"collaborators":0,"two_factor_authentication":false,"plan":{"name":"free","space":976562499,"collaborators":0,"private_repos":10000}}
[info] 
[info] +  Success! Logged into GitHub as HamayoonDEV 
[info] 
[debug] [2023-02-03T13:38:55.335Z] >>> [apiv2][query] GET https://api.github.com/repos/netflixclone/actions/secrets/public-key type=owner
[debug] [2023-02-03T13:38:55.875Z] <<< [apiv2][status] GET https://api.github.com/repos/netflixclone/actions/secrets/public-key 404
[debug] [2023-02-03T13:38:55.875Z] <<< [apiv2][body] GET https://api.github.com/repos/netflixclone/actions/secrets/public-key {"message":"Not Found","documentation_url":"https://docs.github.com/rest"}
[debug] [2023-02-03T13:40:48.093Z] >>> [apiv2][query] GET https://api.github.com/repos/netflixclone/actions/secrets/public-key type=owner
[debug] [2023-02-03T13:40:48.535Z] <<< [apiv2][status] GET https://api.github.com/repos/netflixclone/actions/secrets/public-key 404
[debug] [2023-02-03T13:40:48.535Z] <<< [apiv2][body] GET https://api.github.com/repos/netflixclone/actions/secrets/public-key {"message":"Not Found","documentation_url":"https://docs.github.com/rest"}
[debug] [2023-02-03T13:41:13.861Z] >>> [apiv2][query] GET https://api.github.com/repos//netflixclone/actions/secrets/public-key type=owner
[debug] [2023-02-03T13:41:14.290Z] <<< [apiv2][status] GET https://api.github.com/repos//netflixclone/actions/secrets/public-key 404
[debug] [2023-02-03T13:41:14.290Z] <<< [apiv2][body] GET https://api.github.com/repos//netflixclone/actions/secrets/public-key {"message":"Not Found","documentation_url":"https://docs.github.com/rest"}
[debug] [2023-02-03T13:41:15.232Z] >>> [apiv2][query] GET https://api.github.com/repos//netflixclone/actions/secrets/public-key type=owner
[debug] [2023-02-03T13:41:15.651Z] <<< [apiv2][status] GET https://api.github.com/repos//netflixclone/actions/secrets/public-key 404
[debug] [2023-02-03T13:41:15.651Z] <<< [apiv2][body] GET https://api.github.com/repos//netflixclone/actions/secrets/public-key {"message":"Not Found","documentation_url":"https://docs.github.com/rest"}
[debug] [2023-02-03T13:41:21.731Z] >>> [apiv2][query] GET https://api.github.com/repos//actions/secrets/public-key type=owner
[debug] [2023-02-03T13:41:22.194Z] <<< [apiv2][status] GET https://api.github.com/repos//actions/secrets/public-key 404
[debug] [2023-02-03T13:41:22.194Z] <<< [apiv2][body] GET https://api.github.com/repos//actions/secrets/public-key {"message":"Not Found","documentation_url":"https://docs.github.com/rest"}
[debug] [2023-02-03T13:41:23.692Z] >>> [apiv2][query] GET https://api.github.com/repos//actions/secrets/public-key type=owner
[debug] [2023-02-03T13:41:23.870Z] >>> [apiv2][query] GET https://api.github.com/repos//actions/secrets/public-key type=owner
[debug] [2023-02-03T13:41:24.131Z] <<< [apiv2][status] GET https://api.github.com/repos//actions/secrets/public-key 404
[debug] [2023-02-03T13:41:24.131Z] <<< [apiv2][body] GET https://api.github.com/repos//actions/secrets/public-key {"message":"Not Found","documentation_url":"https://docs.github.com/rest"}
[debug] [2023-02-03T13:41:24.286Z] <<< [apiv2][status] GET https://api.github.com/repos//actions/secrets/public-key 404
[debug] [2023-02-03T13:41:24.286Z] <<< [apiv2][body] GET https://api.github.com/repos//actions/secrets/public-key {"message":"Not Found","documentation_url":"https://docs.github.com/rest"}
